<?xml version="1.0" encoding="UTF-8" ?>
<testsuite tests="6" failures="0" name="com.app.testsuits.TestRunner" time="0.112" errors="3" skipped="3">
  <properties>
    <property name="java.runtime.name" value="Java(TM) SE Runtime Environment"/>
    <property name="sun.boot.library.path" value="C:\Program Files\Java\jdk1.8.0_20\jre\bin"/>
    <property name="java.vm.version" value="25.20-b23"/>
    <property name="java.vm.vendor" value="Oracle Corporation"/>
    <property name="java.vendor.url" value="http://java.oracle.com/"/>
    <property name="path.separator" value=";"/>
    <property name="guice.disable.misplaced.annotation.check" value="true"/>
    <property name="java.vm.name" value="Java HotSpot(TM) 64-Bit Server VM"/>
    <property name="file.encoding.pkg" value="sun.io"/>
    <property name="user.script" value=""/>
    <property name="user.country" value="IN"/>
    <property name="sun.java.launcher" value="SUN_STANDARD"/>
    <property name="sun.os.patch.level" value="Service Pack 1"/>
    <property name="java.vm.specification.name" value="Java Virtual Machine Specification"/>
    <property name="user.dir" value="C:\Users\e002307.CIGNITIGLOBAL\Desktop\selenium-guice-master"/>
    <property name="java.runtime.version" value="1.8.0_20-b26"/>
    <property name="java.awt.graphicsenv" value="sun.awt.Win32GraphicsEnvironment"/>
    <property name="java.endorsed.dirs" value="C:\Program Files\Java\jdk1.8.0_20\jre\lib\endorsed"/>
    <property name="os.arch" value="amd64"/>
    <property name="java.io.tmpdir" value="C:\Users\E00230~1.CIG\AppData\Local\Temp\"/>
    <property name="line.separator" value="
"/>
    <property name="java.vm.specification.vendor" value="Oracle Corporation"/>
    <property name="user.variant" value=""/>
    <property name="os.name" value="Windows 7"/>
    <property name="classworlds.conf" value="C:\Users\e002307.CIGNITIGLOBAL\Desktop\.metadata\.plugins\org.eclipse.m2e.launching\launches\m2conf7845308537601142076.tmp"/>
    <property name="sun.jnu.encoding" value="Cp1252"/>
    <property name="java.library.path" value="C:\Program Files\Java\jdk1.8.0_20\bin;C:\Windows\Sun\Java\bin;C:\Windows\system32;C:\Windows;C:/Program Files/Java/jre1.8.0_20/bin/server;C:/Program Files/Java/jre1.8.0_20/bin;C:/Program Files/Java/jre1.8.0_20/lib/amd64;C:\Program Files (x86)\RSA SecurID Token Common;C:\Program Files\RSA SecurID Token Common;C:\ProgramData\Oracle\Java\javapath;C:\Python27\;C:\Python27\Scripts;C:\Program Files (x86)\Intel\iCLS Client\;C:\Program Files\Intel\iCLS Client\;C:\Windows\system32;C:\Windows;C:\Windows\System32\Wbem;C:\Windows\System32\WindowsPowerShell\v1.0\;C:\Program Files\Intel\Intel(R) Management Engine Components\DAL;C:\Program Files\Intel\Intel(R) Management Engine Components\IPT;C:\Program Files (x86)\Intel\Intel(R) Management Engine Components\DAL;C:\Program Files (x86)\Intel\Intel(R) Management Engine Components\IPT;C:\Users\IN01401\Android_sdk\sdk\platform-tools;C:\Users\IN01401\Android_sdk\sdk\tools;C:\Program Files\Java\jdk1.8.0_20\bin;C:\Program Files (x86)\Skype\Phone\;C:\Program Files\nodejs\;C:\Users\e002307.CIGNITIGLOBAL\AppData\Roaming\npm; C:\Program Files\nodejs\;C:\eclipse-jee-luna-R-win32-x86_64\eclipse-jee-luna-R-win32-x86_64\eclipse;;."/>
    <property name="java.specification.name" value="Java Platform API Specification"/>
    <property name="java.class.version" value="52.0"/>
    <property name="sun.management.compiler" value="HotSpot 64-Bit Tiered Compilers"/>
    <property name="os.version" value="6.1"/>
    <property name="user.home" value="C:\Users\e002307.CIGNITIGLOBAL"/>
    <property name="user.timezone" value="Asia/Calcutta"/>
    <property name="java.awt.printerjob" value="sun.awt.windows.WPrinterJob"/>
    <property name="java.specification.version" value="1.8"/>
    <property name="file.encoding" value="Cp1252"/>
    <property name="user.name" value="E002307"/>
    <property name="java.class.path" value="/C:/eclipse-jee-luna-R-win32-x86_64/eclipse-jee-luna-R-win32-x86_64/eclipse/plugins/org.eclipse.m2e.maven.runtime_1.5.0.20140605-2032/jars/plexus-classworlds-2.5.1.jar"/>
    <property name="org.slf4j.simpleLogger.defaultLogLevel" value="info"/>
    <property name="java.vm.specification.version" value="1.8"/>
    <property name="sun.arch.data.model" value="64"/>
    <property name="java.home" value="C:\Program Files\Java\jdk1.8.0_20\jre"/>
    <property name="sun.java.command" value="org.codehaus.plexus.classworlds.launcher.Launcher -B install"/>
    <property name="java.specification.vendor" value="Oracle Corporation"/>
    <property name="user.language" value="en"/>
    <property name="awt.toolkit" value="sun.awt.windows.WToolkit"/>
    <property name="java.vm.info" value="mixed mode"/>
    <property name="java.version" value="1.8.0_20"/>
    <property name="java.ext.dirs" value="C:\Program Files\Java\jdk1.8.0_20\jre\lib\ext;C:\Windows\Sun\Java\lib\ext"/>
    <property name="sun.boot.class.path" value="C:\Program Files\Java\jdk1.8.0_20\jre\lib\resources.jar;C:\Program Files\Java\jdk1.8.0_20\jre\lib\rt.jar;C:\Program Files\Java\jdk1.8.0_20\jre\lib\sunrsasign.jar;C:\Program Files\Java\jdk1.8.0_20\jre\lib\jsse.jar;C:\Program Files\Java\jdk1.8.0_20\jre\lib\jce.jar;C:\Program Files\Java\jdk1.8.0_20\jre\lib\charsets.jar;C:\Program Files\Java\jdk1.8.0_20\jre\lib\jfr.jar;C:\Program Files\Java\jdk1.8.0_20\jre\classes"/>
    <property name="java.vendor" value="Oracle Corporation"/>
    <property name="maven.home" value="C:\Users\e002307.CIGNITIGLOBAL\Desktop\selenium-guice-master\EMBEDDED"/>
    <property name="file.separator" value="\"/>
    <property name="java.vendor.url.bug" value="http://bugreport.sun.com/bugreport/"/>
    <property name="sun.cpu.endian" value="little"/>
    <property name="sun.io.unicode.encoding" value="UnicodeLittle"/>
    <property name="sun.desktop" value="windows"/>
    <property name="sun.cpu.isalist" value="amd64"/>
  </properties>
  <testcase classname="Scenario: Validate the search results are displayed" name="Given I launch the amazon application" time="0.016">
    <error message="Guice configuration errors:

1) No implementation for org.openqa.selenium.WebDriver was bound.
  while locating org.openqa.selenium.WebDriver
    for field at com.app.pages.BasePage.driver(BasePage.java:13)
  while locating com.app.pages.SearchResultsPage
    for field at com.app.steps.SearchSteps.searchResultsPage(SearchSteps.java:11)
  while locating com.app.steps.SearchSteps
    for field at com.app.tests.SearchResultsStepDef.searchSteps(SearchResultsStepDef.java:14)
  while locating com.app.tests.SearchResultsStepDef

2) No implementation for org.openqa.selenium.WebDriver was bound.
  while locating org.openqa.selenium.WebDriver
    for field at com.app.pages.BasePage.driver(BasePage.java:13)
  while locating com.app.pages.HomePage
    for field at com.app.steps.ApplicationSteps.homePage(ApplicationSteps.java:11)
  while locating com.app.steps.ApplicationSteps
    for field at com.app.tests.SearchResultsStepDef.appSteps(SearchResultsStepDef.java:14)
  while locating com.app.tests.SearchResultsStepDef

3) No implementation for java.lang.Integer annotated with @com.google.inject.name.Named(value=test.element.wait.seconds) was bound.
  while locating java.lang.Integer annotated with @com.google.inject.name.Named(value=test.element.wait.seconds)
    for field at com.app.pages.BasePage.elementWait(BasePage.java:13)
  while locating com.app.pages.SearchResultsPage
    for field at com.app.steps.SearchSteps.searchResultsPage(SearchSteps.java:11)
  while locating com.app.steps.SearchSteps
    for field at com.app.tests.SearchResultsStepDef.searchSteps(SearchResultsStepDef.java:14)
  while locating com.app.tests.SearchResultsStepDef

4) No implementation for java.lang.Integer annotated with @com.google.inject.name.Named(value=test.element.wait.seconds) was bound.
  while locating java.lang.Integer annotated with @com.google.inject.name.Named(value=test.element.wait.seconds)
    for field at com.app.pages.BasePage.elementWait(BasePage.java:13)
  while locating com.app.pages.HomePage
    for field at com.app.steps.ApplicationSteps.homePage(ApplicationSteps.java:11)
  while locating com.app.steps.ApplicationSteps
    for field at com.app.tests.SearchResultsStepDef.appSteps(SearchResultsStepDef.java:14)
  while locating com.app.tests.SearchResultsStepDef

5) No implementation for java.lang.String annotated with @com.google.inject.name.Named(value=app.url) was bound.
  while locating java.lang.String annotated with @com.google.inject.name.Named(value=app.url)
    for field at com.app.pages.HomePage.applicationUrl(HomePage.java:12)
  while locating com.app.pages.HomePage
    for field at com.app.steps.ApplicationSteps.homePage(ApplicationSteps.java:11)
  while locating com.app.steps.ApplicationSteps
    for field at com.app.tests.SearchResultsStepDef.appSteps(SearchResultsStepDef.java:14)
  while locating com.app.tests.SearchResultsStepDef

6) No implementation for org.openqa.selenium.WebDriver was bound.
  while locating org.openqa.selenium.WebDriver
    for field at com.app.pages.HomePage.driver(HomePage.java:12)
  while locating com.app.pages.HomePage
    for field at com.app.steps.ApplicationSteps.homePage(ApplicationSteps.java:11)
  while locating com.app.steps.ApplicationSteps
    for field at com.app.tests.SearchResultsStepDef.appSteps(SearchResultsStepDef.java:14)
  while locating com.app.tests.SearchResultsStepDef

6 errors" type="com.google.inject.ConfigurationException">com.google.inject.ConfigurationException: Guice configuration errors:

1) No implementation for org.openqa.selenium.WebDriver was bound.
  while locating org.openqa.selenium.WebDriver
    for field at com.app.pages.BasePage.driver(BasePage.java:13)
  while locating com.app.pages.SearchResultsPage
    for field at com.app.steps.SearchSteps.searchResultsPage(SearchSteps.java:11)
  while locating com.app.steps.SearchSteps
    for field at com.app.tests.SearchResultsStepDef.searchSteps(SearchResultsStepDef.java:14)
  while locating com.app.tests.SearchResultsStepDef

2) No implementation for org.openqa.selenium.WebDriver was bound.
  while locating org.openqa.selenium.WebDriver
    for field at com.app.pages.BasePage.driver(BasePage.java:13)
  while locating com.app.pages.HomePage
    for field at com.app.steps.ApplicationSteps.homePage(ApplicationSteps.java:11)
  while locating com.app.steps.ApplicationSteps
    for field at com.app.tests.SearchResultsStepDef.appSteps(SearchResultsStepDef.java:14)
  while locating com.app.tests.SearchResultsStepDef

3) No implementation for java.lang.Integer annotated with @com.google.inject.name.Named(value=test.element.wait.seconds) was bound.
  while locating java.lang.Integer annotated with @com.google.inject.name.Named(value=test.element.wait.seconds)
    for field at com.app.pages.BasePage.elementWait(BasePage.java:13)
  while locating com.app.pages.SearchResultsPage
    for field at com.app.steps.SearchSteps.searchResultsPage(SearchSteps.java:11)
  while locating com.app.steps.SearchSteps
    for field at com.app.tests.SearchResultsStepDef.searchSteps(SearchResultsStepDef.java:14)
  while locating com.app.tests.SearchResultsStepDef

4) No implementation for java.lang.Integer annotated with @com.google.inject.name.Named(value=test.element.wait.seconds) was bound.
  while locating java.lang.Integer annotated with @com.google.inject.name.Named(value=test.element.wait.seconds)
    for field at com.app.pages.BasePage.elementWait(BasePage.java:13)
  while locating com.app.pages.HomePage
    for field at com.app.steps.ApplicationSteps.homePage(ApplicationSteps.java:11)
  while locating com.app.steps.ApplicationSteps
    for field at com.app.tests.SearchResultsStepDef.appSteps(SearchResultsStepDef.java:14)
  while locating com.app.tests.SearchResultsStepDef

5) No implementation for java.lang.String annotated with @com.google.inject.name.Named(value=app.url) was bound.
  while locating java.lang.String annotated with @com.google.inject.name.Named(value=app.url)
    for field at com.app.pages.HomePage.applicationUrl(HomePage.java:12)
  while locating com.app.pages.HomePage
    for field at com.app.steps.ApplicationSteps.homePage(ApplicationSteps.java:11)
  while locating com.app.steps.ApplicationSteps
    for field at com.app.tests.SearchResultsStepDef.appSteps(SearchResultsStepDef.java:14)
  while locating com.app.tests.SearchResultsStepDef

6) No implementation for org.openqa.selenium.WebDriver was bound.
  while locating org.openqa.selenium.WebDriver
    for field at com.app.pages.HomePage.driver(HomePage.java:12)
  while locating com.app.pages.HomePage
    for field at com.app.steps.ApplicationSteps.homePage(ApplicationSteps.java:11)
  while locating com.app.steps.ApplicationSteps
    for field at com.app.tests.SearchResultsStepDef.appSteps(SearchResultsStepDef.java:14)
  while locating com.app.tests.SearchResultsStepDef

6 errors
	at com.google.inject.internal.InjectorImpl.getProvider(InjectorImpl.java:1045)
	at com.google.inject.internal.InjectorImpl.getProvider(InjectorImpl.java:1004)
	at com.google.inject.internal.InjectorImpl.getInstance(InjectorImpl.java:1054)
	at cucumber.runtime.java.guice.impl.GuiceFactory.getInstance(GuiceFactory.java:42)
	at cucumber.runtime.java.JavaStepDefinition.execute(JavaStepDefinition.java:38)
	at cucumber.runtime.StepDefinitionMatch.runStep(StepDefinitionMatch.java:37)
	at cucumber.runtime.Runtime.runStep(Runtime.java:300)
	at cucumber.runtime.model.StepContainer.runStep(StepContainer.java:44)
	at cucumber.runtime.model.StepContainer.runSteps(StepContainer.java:39)
	at cucumber.runtime.model.CucumberScenario.run(CucumberScenario.java:44)
	at cucumber.runtime.junit.ExecutionUnitRunner.run(ExecutionUnitRunner.java:102)
	at cucumber.runtime.junit.FeatureRunner.runChild(FeatureRunner.java:63)
	at cucumber.runtime.junit.FeatureRunner.runChild(FeatureRunner.java:18)
	at org.junit.runners.ParentRunner$3.run(ParentRunner.java:238)
	at org.junit.runners.ParentRunner$1.schedule(ParentRunner.java:63)
	at org.junit.runners.ParentRunner.runChildren(ParentRunner.java:236)
	at org.junit.runners.ParentRunner.access$000(ParentRunner.java:53)
	at org.junit.runners.ParentRunner$2.evaluate(ParentRunner.java:229)
	at org.junit.runners.ParentRunner.run(ParentRunner.java:309)
	at cucumber.runtime.junit.FeatureRunner.run(FeatureRunner.java:70)
	at cucumber.api.junit.Cucumber.runChild(Cucumber.java:95)
	at cucumber.api.junit.Cucumber.runChild(Cucumber.java:38)
	at org.junit.runners.ParentRunner$3.run(ParentRunner.java:238)
	at org.junit.runners.ParentRunner$1.schedule(ParentRunner.java:63)
	at org.junit.runners.ParentRunner.runChildren(ParentRunner.java:236)
	at org.junit.runners.ParentRunner.access$000(ParentRunner.java:53)
	at org.junit.runners.ParentRunner$2.evaluate(ParentRunner.java:229)
	at org.junit.runners.ParentRunner.run(ParentRunner.java:309)
	at cucumber.api.junit.Cucumber.run(Cucumber.java:100)
	at org.apache.maven.surefire.junit4.JUnit4Provider.execute(JUnit4Provider.java:252)
	at org.apache.maven.surefire.junit4.JUnit4Provider.executeTestSet(JUnit4Provider.java:141)
	at org.apache.maven.surefire.junit4.JUnit4Provider.invoke(JUnit4Provider.java:112)
	at sun.reflect.NativeMethodAccessorImpl.invoke0(Native Method)
	at sun.reflect.NativeMethodAccessorImpl.invoke(NativeMethodAccessorImpl.java:62)
	at sun.reflect.DelegatingMethodAccessorImpl.invoke(DelegatingMethodAccessorImpl.java:43)
	at java.lang.reflect.Method.invoke(Method.java:483)
	at org.apache.maven.surefire.util.ReflectionUtils.invokeMethodWithArray(ReflectionUtils.java:189)
	at org.apache.maven.surefire.booter.ProviderFactory$ProviderProxy.invoke(ProviderFactory.java:165)
	at org.apache.maven.surefire.booter.ProviderFactory.invokeProvider(ProviderFactory.java:85)
	at org.apache.maven.surefire.booter.ForkedBooter.runSuitesInProcess(ForkedBooter.java:115)
	at org.apache.maven.surefire.booter.ForkedBooter.main(ForkedBooter.java:75)
	at ✽.Given I launch the amazon application(features/SearchFeature.feature:5)
</error>
  </testcase>
  <testcase classname="Scenario: Validate the search results are displayed" name="Scenario: Validate the search results are displayed" time="0.016">
    <error message="Guice configuration errors:

1) No implementation for org.openqa.selenium.WebDriver was bound.
  while locating org.openqa.selenium.WebDriver
    for field at com.app.pages.BasePage.driver(BasePage.java:13)
  while locating com.app.pages.SearchResultsPage
    for field at com.app.steps.SearchSteps.searchResultsPage(SearchSteps.java:11)
  while locating com.app.steps.SearchSteps
    for field at com.app.tests.SearchResultsStepDef.searchSteps(SearchResultsStepDef.java:14)
  while locating com.app.tests.SearchResultsStepDef

2) No implementation for org.openqa.selenium.WebDriver was bound.
  while locating org.openqa.selenium.WebDriver
    for field at com.app.pages.BasePage.driver(BasePage.java:13)
  while locating com.app.pages.HomePage
    for field at com.app.steps.ApplicationSteps.homePage(ApplicationSteps.java:11)
  while locating com.app.steps.ApplicationSteps
    for field at com.app.tests.SearchResultsStepDef.appSteps(SearchResultsStepDef.java:14)
  while locating com.app.tests.SearchResultsStepDef

3) No implementation for java.lang.Integer annotated with @com.google.inject.name.Named(value=test.element.wait.seconds) was bound.
  while locating java.lang.Integer annotated with @com.google.inject.name.Named(value=test.element.wait.seconds)
    for field at com.app.pages.BasePage.elementWait(BasePage.java:13)
  while locating com.app.pages.SearchResultsPage
    for field at com.app.steps.SearchSteps.searchResultsPage(SearchSteps.java:11)
  while locating com.app.steps.SearchSteps
    for field at com.app.tests.SearchResultsStepDef.searchSteps(SearchResultsStepDef.java:14)
  while locating com.app.tests.SearchResultsStepDef

4) No implementation for java.lang.Integer annotated with @com.google.inject.name.Named(value=test.element.wait.seconds) was bound.
  while locating java.lang.Integer annotated with @com.google.inject.name.Named(value=test.element.wait.seconds)
    for field at com.app.pages.BasePage.elementWait(BasePage.java:13)
  while locating com.app.pages.HomePage
    for field at com.app.steps.ApplicationSteps.homePage(ApplicationSteps.java:11)
  while locating com.app.steps.ApplicationSteps
    for field at com.app.tests.SearchResultsStepDef.appSteps(SearchResultsStepDef.java:14)
  while locating com.app.tests.SearchResultsStepDef

5) No implementation for java.lang.String annotated with @com.google.inject.name.Named(value=app.url) was bound.
  while locating java.lang.String annotated with @com.google.inject.name.Named(value=app.url)
    for field at com.app.pages.HomePage.applicationUrl(HomePage.java:12)
  while locating com.app.pages.HomePage
    for field at com.app.steps.ApplicationSteps.homePage(ApplicationSteps.java:11)
  while locating com.app.steps.ApplicationSteps
    for field at com.app.tests.SearchResultsStepDef.appSteps(SearchResultsStepDef.java:14)
  while locating com.app.tests.SearchResultsStepDef

6) No implementation for org.openqa.selenium.WebDriver was bound.
  while locating org.openqa.selenium.WebDriver
    for field at com.app.pages.HomePage.driver(HomePage.java:12)
  while locating com.app.pages.HomePage
    for field at com.app.steps.ApplicationSteps.homePage(ApplicationSteps.java:11)
  while locating com.app.steps.ApplicationSteps
    for field at com.app.tests.SearchResultsStepDef.appSteps(SearchResultsStepDef.java:14)
  while locating com.app.tests.SearchResultsStepDef

6 errors" type="com.google.inject.ConfigurationException">com.google.inject.ConfigurationException: Guice configuration errors:

1) No implementation for org.openqa.selenium.WebDriver was bound.
  while locating org.openqa.selenium.WebDriver
    for field at com.app.pages.BasePage.driver(BasePage.java:13)
  while locating com.app.pages.SearchResultsPage
    for field at com.app.steps.SearchSteps.searchResultsPage(SearchSteps.java:11)
  while locating com.app.steps.SearchSteps
    for field at com.app.tests.SearchResultsStepDef.searchSteps(SearchResultsStepDef.java:14)
  while locating com.app.tests.SearchResultsStepDef

2) No implementation for org.openqa.selenium.WebDriver was bound.
  while locating org.openqa.selenium.WebDriver
    for field at com.app.pages.BasePage.driver(BasePage.java:13)
  while locating com.app.pages.HomePage
    for field at com.app.steps.ApplicationSteps.homePage(ApplicationSteps.java:11)
  while locating com.app.steps.ApplicationSteps
    for field at com.app.tests.SearchResultsStepDef.appSteps(SearchResultsStepDef.java:14)
  while locating com.app.tests.SearchResultsStepDef

3) No implementation for java.lang.Integer annotated with @com.google.inject.name.Named(value=test.element.wait.seconds) was bound.
  while locating java.lang.Integer annotated with @com.google.inject.name.Named(value=test.element.wait.seconds)
    for field at com.app.pages.BasePage.elementWait(BasePage.java:13)
  while locating com.app.pages.SearchResultsPage
    for field at com.app.steps.SearchSteps.searchResultsPage(SearchSteps.java:11)
  while locating com.app.steps.SearchSteps
    for field at com.app.tests.SearchResultsStepDef.searchSteps(SearchResultsStepDef.java:14)
  while locating com.app.tests.SearchResultsStepDef

4) No implementation for java.lang.Integer annotated with @com.google.inject.name.Named(value=test.element.wait.seconds) was bound.
  while locating java.lang.Integer annotated with @com.google.inject.name.Named(value=test.element.wait.seconds)
    for field at com.app.pages.BasePage.elementWait(BasePage.java:13)
  while locating com.app.pages.HomePage
    for field at com.app.steps.ApplicationSteps.homePage(ApplicationSteps.java:11)
  while locating com.app.steps.ApplicationSteps
    for field at com.app.tests.SearchResultsStepDef.appSteps(SearchResultsStepDef.java:14)
  while locating com.app.tests.SearchResultsStepDef

5) No implementation for java.lang.String annotated with @com.google.inject.name.Named(value=app.url) was bound.
  while locating java.lang.String annotated with @com.google.inject.name.Named(value=app.url)
    for field at com.app.pages.HomePage.applicationUrl(HomePage.java:12)
  while locating com.app.pages.HomePage
    for field at com.app.steps.ApplicationSteps.homePage(ApplicationSteps.java:11)
  while locating com.app.steps.ApplicationSteps
    for field at com.app.tests.SearchResultsStepDef.appSteps(SearchResultsStepDef.java:14)
  while locating com.app.tests.SearchResultsStepDef

6) No implementation for org.openqa.selenium.WebDriver was bound.
  while locating org.openqa.selenium.WebDriver
    for field at com.app.pages.HomePage.driver(HomePage.java:12)
  while locating com.app.pages.HomePage
    for field at com.app.steps.ApplicationSteps.homePage(ApplicationSteps.java:11)
  while locating com.app.steps.ApplicationSteps
    for field at com.app.tests.SearchResultsStepDef.appSteps(SearchResultsStepDef.java:14)
  while locating com.app.tests.SearchResultsStepDef

6 errors
	at com.google.inject.internal.InjectorImpl.getProvider(InjectorImpl.java:1045)
	at com.google.inject.internal.InjectorImpl.getProvider(InjectorImpl.java:1004)
	at com.google.inject.internal.InjectorImpl.getInstance(InjectorImpl.java:1054)
	at cucumber.runtime.java.guice.impl.GuiceFactory.getInstance(GuiceFactory.java:42)
	at cucumber.runtime.java.JavaStepDefinition.execute(JavaStepDefinition.java:38)
	at cucumber.runtime.StepDefinitionMatch.runStep(StepDefinitionMatch.java:37)
	at cucumber.runtime.Runtime.runStep(Runtime.java:300)
	at cucumber.runtime.model.StepContainer.runStep(StepContainer.java:44)
	at cucumber.runtime.model.StepContainer.runSteps(StepContainer.java:39)
	at cucumber.runtime.model.CucumberScenario.run(CucumberScenario.java:44)
	at cucumber.runtime.junit.ExecutionUnitRunner.run(ExecutionUnitRunner.java:102)
	at cucumber.runtime.junit.FeatureRunner.runChild(FeatureRunner.java:63)
	at cucumber.runtime.junit.FeatureRunner.runChild(FeatureRunner.java:18)
	at org.junit.runners.ParentRunner$3.run(ParentRunner.java:238)
	at org.junit.runners.ParentRunner$1.schedule(ParentRunner.java:63)
	at org.junit.runners.ParentRunner.runChildren(ParentRunner.java:236)
	at org.junit.runners.ParentRunner.access$000(ParentRunner.java:53)
	at org.junit.runners.ParentRunner$2.evaluate(ParentRunner.java:229)
	at org.junit.runners.ParentRunner.run(ParentRunner.java:309)
	at cucumber.runtime.junit.FeatureRunner.run(FeatureRunner.java:70)
	at cucumber.api.junit.Cucumber.runChild(Cucumber.java:95)
	at cucumber.api.junit.Cucumber.runChild(Cucumber.java:38)
	at org.junit.runners.ParentRunner$3.run(ParentRunner.java:238)
	at org.junit.runners.ParentRunner$1.schedule(ParentRunner.java:63)
	at org.junit.runners.ParentRunner.runChildren(ParentRunner.java:236)
	at org.junit.runners.ParentRunner.access$000(ParentRunner.java:53)
	at org.junit.runners.ParentRunner$2.evaluate(ParentRunner.java:229)
	at org.junit.runners.ParentRunner.run(ParentRunner.java:309)
	at cucumber.api.junit.Cucumber.run(Cucumber.java:100)
	at org.apache.maven.surefire.junit4.JUnit4Provider.execute(JUnit4Provider.java:252)
	at org.apache.maven.surefire.junit4.JUnit4Provider.executeTestSet(JUnit4Provider.java:141)
	at org.apache.maven.surefire.junit4.JUnit4Provider.invoke(JUnit4Provider.java:112)
	at sun.reflect.NativeMethodAccessorImpl.invoke0(Native Method)
	at sun.reflect.NativeMethodAccessorImpl.invoke(NativeMethodAccessorImpl.java:62)
	at sun.reflect.DelegatingMethodAccessorImpl.invoke(DelegatingMethodAccessorImpl.java:43)
	at java.lang.reflect.Method.invoke(Method.java:483)
	at org.apache.maven.surefire.util.ReflectionUtils.invokeMethodWithArray(ReflectionUtils.java:189)
	at org.apache.maven.surefire.booter.ProviderFactory$ProviderProxy.invoke(ProviderFactory.java:165)
	at org.apache.maven.surefire.booter.ProviderFactory.invokeProvider(ProviderFactory.java:85)
	at org.apache.maven.surefire.booter.ForkedBooter.runSuitesInProcess(ForkedBooter.java:115)
	at org.apache.maven.surefire.booter.ForkedBooter.main(ForkedBooter.java:75)
	at ✽.Given I launch the amazon application(features/SearchFeature.feature:5)
</error>
  </testcase>
  <testcase classname="Scenario: Validate the search results are displayed" name="Then I search the &quot;laptop&quot; in the search box" time="0.016">
    <skipped/>
  </testcase>
  <testcase classname="Scenario: Validate the search results are displayed" name="And I click the first search result" time="0.016">
    <skipped/>
  </testcase>
  <testcase classname="Scenario: Validate the search results are displayed" name="Then I display the price of the first laptop" time="0.016">
    <skipped/>
  </testcase>
  <testcase classname="Scenario: Validate the search results are displayed" name="Scenario: Validate the search results are displayed" time="0.032">
    <error message="Guice configuration errors:

1) No implementation for org.openqa.selenium.WebDriver was bound.
  while locating org.openqa.selenium.WebDriver
    for field at com.app.tests.CucumberHooks.driver(CucumberHooks.java:12)
  while locating com.app.tests.CucumberHooks

1 error" type="com.google.inject.ConfigurationException">com.google.inject.ConfigurationException: Guice configuration errors:

1) No implementation for org.openqa.selenium.WebDriver was bound.
  while locating org.openqa.selenium.WebDriver
    for field at com.app.tests.CucumberHooks.driver(CucumberHooks.java:12)
  while locating com.app.tests.CucumberHooks

1 error
	at com.google.inject.internal.InjectorImpl.getProvider(InjectorImpl.java:1045)
	at com.google.inject.internal.InjectorImpl.getProvider(InjectorImpl.java:1004)
	at com.google.inject.internal.InjectorImpl.getInstance(InjectorImpl.java:1054)
	at cucumber.runtime.java.guice.impl.GuiceFactory.getInstance(GuiceFactory.java:42)
	at cucumber.runtime.java.JavaHookDefinition.execute(JavaHookDefinition.java:60)
	at cucumber.runtime.Runtime.runHookIfTagsMatch(Runtime.java:224)
	at cucumber.runtime.Runtime.runHooks(Runtime.java:212)
	at cucumber.runtime.Runtime.runAfterHooks(Runtime.java:206)
	at cucumber.runtime.model.CucumberScenario.run(CucumberScenario.java:46)
	at cucumber.runtime.junit.ExecutionUnitRunner.run(ExecutionUnitRunner.java:102)
	at cucumber.runtime.junit.FeatureRunner.runChild(FeatureRunner.java:63)
	at cucumber.runtime.junit.FeatureRunner.runChild(FeatureRunner.java:18)
	at org.junit.runners.ParentRunner$3.run(ParentRunner.java:238)
	at org.junit.runners.ParentRunner$1.schedule(ParentRunner.java:63)
	at org.junit.runners.ParentRunner.runChildren(ParentRunner.java:236)
	at org.junit.runners.ParentRunner.access$000(ParentRunner.java:53)
	at org.junit.runners.ParentRunner$2.evaluate(ParentRunner.java:229)
	at org.junit.runners.ParentRunner.run(ParentRunner.java:309)
	at cucumber.runtime.junit.FeatureRunner.run(FeatureRunner.java:70)
	at cucumber.api.junit.Cucumber.runChild(Cucumber.java:95)
	at cucumber.api.junit.Cucumber.runChild(Cucumber.java:38)
	at org.junit.runners.ParentRunner$3.run(ParentRunner.java:238)
	at org.junit.runners.ParentRunner$1.schedule(ParentRunner.java:63)
	at org.junit.runners.ParentRunner.runChildren(ParentRunner.java:236)
	at org.junit.runners.ParentRunner.access$000(ParentRunner.java:53)
	at org.junit.runners.ParentRunner$2.evaluate(ParentRunner.java:229)
	at org.junit.runners.ParentRunner.run(ParentRunner.java:309)
	at cucumber.api.junit.Cucumber.run(Cucumber.java:100)
	at org.apache.maven.surefire.junit4.JUnit4Provider.execute(JUnit4Provider.java:252)
	at org.apache.maven.surefire.junit4.JUnit4Provider.executeTestSet(JUnit4Provider.java:141)
	at org.apache.maven.surefire.junit4.JUnit4Provider.invoke(JUnit4Provider.java:112)
	at sun.reflect.NativeMethodAccessorImpl.invoke0(Native Method)
	at sun.reflect.NativeMethodAccessorImpl.invoke(NativeMethodAccessorImpl.java:62)
	at sun.reflect.DelegatingMethodAccessorImpl.invoke(DelegatingMethodAccessorImpl.java:43)
	at java.lang.reflect.Method.invoke(Method.java:483)
	at org.apache.maven.surefire.util.ReflectionUtils.invokeMethodWithArray(ReflectionUtils.java:189)
	at org.apache.maven.surefire.booter.ProviderFactory$ProviderProxy.invoke(ProviderFactory.java:165)
	at org.apache.maven.surefire.booter.ProviderFactory.invokeProvider(ProviderFactory.java:85)
	at org.apache.maven.surefire.booter.ForkedBooter.runSuitesInProcess(ForkedBooter.java:115)
	at org.apache.maven.surefire.booter.ForkedBooter.main(ForkedBooter.java:75)
</error>
  </testcase>
</testsuite>